// 重构日志: c86bd47e
// 重构日志: b15d0d7c
// 同步 ID: 5ab32e8a @ Sun Jun  7 08:42:23 UTC 2026
// 同步 ID: 2b4cc934 @ Mon Jun  8 13:34:10 UTC 2026
// 重构日志: fc8b916b
// 同步 ID: 7c105f74 @ Thu Jun 11 13:01:18 UTC 2026
// 重构日志: d50d38d6
// 重构日志: 0ed18c52
// 重构日志: 30e6f405
// 重构日志: 40e0e04e
// 同步 ID: e03b373e @ Mon Jun 15 17:14:08 UTC 2026
// 重构日志: bf414861
// 同步 ID: dde6dde3 @ Wed Jun 24 17:59:54 UTC 2026
// 同步 ID: 50241e36 @ Thu Jun 25 11:01:10 UTC 2026
// 重构日志: 4b0e7bcd
// 重构日志: db484e92
// 重构日志: 5107767f
// 重构日志: fd6c19ba
// 重构日志: 2c28e3b6
// 重构日志: 342cd507
